2024-11-04 14:25:16,017.17 /projects/b1139/environments/emodpy-torch/lib/python3.9/site-packages/idmtools/core/platform_factory.py:253 _create_from_block [VERBOSE] (174487,47535104150016) - 
[SLURM_LOCAL]
2024-11-04 14:25:16,070.70 /projects/b1139/environments/emodpy-torch/lib/python3.9/site-packages/idmtools/core/platform_factory.py:254 _create_from_block [VERBOSE] (174487,47535104150016) - {
   "mode": "local",
   "job_directory": "/projects/b1139/ipti_pmc/environment_calibration/experiments"
}
2024-11-04 14:25:48,036.36 /projects/b1139/environments/emodpy-torch/lib/python3.9/site-packages/idmtools_platform_slurm/platform_operations/experiment_operations.py:142 platform_run_item [INFO] (174487,47535104150016) - job_directory: /projects/b1139/ipti_pmc/environment_calibration/experiments
2024-11-04 14:25:48,043.43 /projects/b1139/environments/emodpy-torch/lib/python3.9/site-packages/idmtools_platform_slurm/platform_operations/experiment_operations.py:143 platform_run_item [INFO] (174487,47535104150016) - suite: 28192926-76cb-4659-bc77-7f7642fb8db9
2024-11-04 14:25:48,044.44 /projects/b1139/environments/emodpy-torch/lib/python3.9/site-packages/idmtools_platform_slurm/platform_operations/experiment_operations.py:144 platform_run_item [INFO] (174487,47535104150016) - experiment: b71beea8-16b6-401b-923f-c3ce8a0b251a
2024-11-04 14:25:48,049.49 /projects/b1139/environments/emodpy-torch/lib/python3.9/site-packages/idmtools_platform_slurm/platform_operations/experiment_operations.py:304 post_run_item [INFO] (174487,47535104150016) - Slurm Job Ids (1):
2024-11-04 14:25:48,049.49 /projects/b1139/environments/emodpy-torch/lib/python3.9/site-packages/idmtools_platform_slurm/platform_operations/experiment_operations.py:305 post_run_item [INFO] (174487,47535104150016) -    6017999
2024-11-04 14:25:48,049.49 /projects/b1139/environments/emodpy-torch/lib/python3.9/site-packages/idmtools_platform_slurm/platform_operations/experiment_operations.py:307 post_run_item [INFO] (174487,47535104150016) - 
You may try the following command to check simulations running status: 
  idmtools slurm /projects/b1139/ipti_pmc/environment_calibration/experiments status --exp-id b71beea8-16b6-401b-923f-c3ce8a0b251a
2024-11-04 14:30:20,267.267 /projects/b1139/environments/emodpy-torch/lib/python3.9/site-packages/idmtools/core/platform_factory.py:253 _create_from_block [VERBOSE] (28152,47942293941952) - 
[SLURM_LOCAL]
2024-11-04 14:30:20,268.268 /projects/b1139/environments/emodpy-torch/lib/python3.9/site-packages/idmtools/core/platform_factory.py:254 _create_from_block [VERBOSE] (28152,47942293941952) - {
   "mode": "local",
   "job_directory": "/projects/b1139/ipti_pmc/environment_calibration/experiments"
}
2024-11-04 14:30:42,816.816 /projects/b1139/environments/emodpy-torch/lib/python3.9/site-packages/idmtools/analysis/analyze_manager.py:295 _print_configuration [VERBOSE] (28152,47942293941952) - Analyze Manager
2024-11-04 14:30:42,816.816 /projects/b1139/environments/emodpy-torch/lib/python3.9/site-packages/idmtools/analysis/analyze_manager.py:296 _print_configuration [VERBOSE] (28152,47942293941952) -  | 10 item(s) selected for analysis
2024-11-04 14:30:42,816.816 /projects/b1139/environments/emodpy-torch/lib/python3.9/site-packages/idmtools/analysis/analyze_manager.py:297 _print_configuration [VERBOSE] (28152,47942293941952) -  | partial_analyze_ok is True, max_items is None, and 0 item(s) are being ignored
2024-11-04 14:30:42,816.816 /projects/b1139/environments/emodpy-torch/lib/python3.9/site-packages/idmtools/analysis/analyze_manager.py:299 _print_configuration [VERBOSE] (28152,47942293941952) -  | Analyzer(s): 
2024-11-04 14:30:42,816.816 /projects/b1139/environments/emodpy-torch/lib/python3.9/site-packages/idmtools/analysis/analyze_manager.py:301 _print_configuration [VERBOSE] (28152,47942293941952) -  |  - InsetChartAnalyzer File parsing: on / Use cache: off
2024-11-04 14:30:42,816.816 /projects/b1139/environments/emodpy-torch/lib/python3.9/site-packages/idmtools/analysis/analyze_manager.py:301 _print_configuration [VERBOSE] (28152,47942293941952) -  |  - MonthlyIncidenceAnalyzer File parsing: on / Use cache: off
2024-11-04 14:30:42,817.817 /projects/b1139/environments/emodpy-torch/lib/python3.9/site-packages/idmtools/analysis/analyze_manager.py:305 _print_configuration [VERBOSE] (28152,47942293941952) -  | Pool of 10 analyzing process(es)
2024-11-04 14:30:43,303.303 /projects/b1139/environments/emodpy-torch/lib/python3.9/site-packages/idmtools/analysis/analyze_manager.py:489 analyze [SUCCESS] (28152,47942293941952) -  | Analysis complete. Took 0 seconds (~ 0.049 per item)
2024-11-04 14:31:52,522.522 /projects/b1139/environments/emodpy-torch/lib/python3.9/site-packages/idmtools/core/exceptions.py:89 idmtools_error_handler [ERROR] (174487,47535104150016) - [Errno 2] No such file or directory: '/projects/b1139/ipti_pmc/environment_calibration/simulation_outputs/Aiyedade/InsetChart.csv'
NoneType: None
2024-11-04 15:15:25,850.850 /projects/b1139/environments/emodpy-torch/lib/python3.9/site-packages/idmtools/core/platform_factory.py:253 _create_from_block [VERBOSE] (14356,47488540273152) - 
[SLURM_LOCAL]
2024-11-04 15:15:25,896.896 /projects/b1139/environments/emodpy-torch/lib/python3.9/site-packages/idmtools/core/platform_factory.py:254 _create_from_block [VERBOSE] (14356,47488540273152) - {
   "mode": "local",
   "job_directory": "/projects/b1139/ipti_pmc/environment_calibration/experiments"
}
2024-11-04 15:15:51,956.956 /projects/b1139/environments/emodpy-torch/lib/python3.9/site-packages/idmtools_platform_slurm/platform_operations/experiment_operations.py:142 platform_run_item [INFO] (14356,47488540273152) - job_directory: /projects/b1139/ipti_pmc/environment_calibration/experiments
2024-11-04 15:15:51,957.957 /projects/b1139/environments/emodpy-torch/lib/python3.9/site-packages/idmtools_platform_slurm/platform_operations/experiment_operations.py:143 platform_run_item [INFO] (14356,47488540273152) - suite: a3091f58-f900-486d-a645-971263f21297
2024-11-04 15:15:51,957.957 /projects/b1139/environments/emodpy-torch/lib/python3.9/site-packages/idmtools_platform_slurm/platform_operations/experiment_operations.py:144 platform_run_item [INFO] (14356,47488540273152) - experiment: 975b5f41-4c4e-46ed-8336-b4dd841654c5
2024-11-04 15:15:51,960.960 /projects/b1139/environments/emodpy-torch/lib/python3.9/site-packages/idmtools_platform_slurm/platform_operations/experiment_operations.py:304 post_run_item [INFO] (14356,47488540273152) - Slurm Job Ids (1):
2024-11-04 15:15:51,960.960 /projects/b1139/environments/emodpy-torch/lib/python3.9/site-packages/idmtools_platform_slurm/platform_operations/experiment_operations.py:305 post_run_item [INFO] (14356,47488540273152) -    6018499
2024-11-04 15:15:51,960.960 /projects/b1139/environments/emodpy-torch/lib/python3.9/site-packages/idmtools_platform_slurm/platform_operations/experiment_operations.py:307 post_run_item [INFO] (14356,47488540273152) - 
You may try the following command to check simulations running status: 
  idmtools slurm /projects/b1139/ipti_pmc/environment_calibration/experiments status --exp-id 975b5f41-4c4e-46ed-8336-b4dd841654c5
2024-11-04 15:20:25,553.553 /projects/b1139/environments/emodpy-torch/lib/python3.9/site-packages/idmtools/core/platform_factory.py:253 _create_from_block [VERBOSE] (53302,47618405285568) - 
[SLURM_LOCAL]
2024-11-04 15:20:25,568.568 /projects/b1139/environments/emodpy-torch/lib/python3.9/site-packages/idmtools/core/platform_factory.py:254 _create_from_block [VERBOSE] (53302,47618405285568) - {
   "mode": "local",
   "job_directory": "/projects/b1139/ipti_pmc/environment_calibration/experiments"
}
2024-11-04 15:20:40,525.525 /projects/b1139/environments/emodpy-torch/lib/python3.9/site-packages/idmtools/analysis/analyze_manager.py:295 _print_configuration [VERBOSE] (53302,47618405285568) - Analyze Manager
2024-11-04 15:20:40,526.526 /projects/b1139/environments/emodpy-torch/lib/python3.9/site-packages/idmtools/analysis/analyze_manager.py:296 _print_configuration [VERBOSE] (53302,47618405285568) -  | 10 item(s) selected for analysis
2024-11-04 15:20:40,526.526 /projects/b1139/environments/emodpy-torch/lib/python3.9/site-packages/idmtools/analysis/analyze_manager.py:297 _print_configuration [VERBOSE] (53302,47618405285568) -  | partial_analyze_ok is True, max_items is None, and 0 item(s) are being ignored
2024-11-04 15:20:40,527.527 /projects/b1139/environments/emodpy-torch/lib/python3.9/site-packages/idmtools/analysis/analyze_manager.py:299 _print_configuration [VERBOSE] (53302,47618405285568) -  | Analyzer(s): 
2024-11-04 15:20:40,527.527 /projects/b1139/environments/emodpy-torch/lib/python3.9/site-packages/idmtools/analysis/analyze_manager.py:301 _print_configuration [VERBOSE] (53302,47618405285568) -  |  - InsetChartAnalyzer File parsing: on / Use cache: off
2024-11-04 15:20:40,527.527 /projects/b1139/environments/emodpy-torch/lib/python3.9/site-packages/idmtools/analysis/analyze_manager.py:301 _print_configuration [VERBOSE] (53302,47618405285568) -  |  - MonthlyIncidenceAnalyzer File parsing: on / Use cache: off
2024-11-04 15:20:40,527.527 /projects/b1139/environments/emodpy-torch/lib/python3.9/site-packages/idmtools/analysis/analyze_manager.py:305 _print_configuration [VERBOSE] (53302,47618405285568) -  | Pool of 10 analyzing process(es)
2024-11-04 15:20:41,045.45 /projects/b1139/environments/emodpy-torch/lib/python3.9/site-packages/idmtools/analysis/analyze_manager.py:489 analyze [SUCCESS] (53302,47618405285568) -  | Analysis complete. Took 0 seconds (~ 0.052 per item)
2024-11-04 15:21:55,694.694 /projects/b1139/environments/emodpy-torch/lib/python3.9/site-packages/idmtools/core/exceptions.py:89 idmtools_error_handler [ERROR] (14356,47488540273152) - [Errno 2] No such file or directory: '/projects/b1139/ipti_pmc/environment_calibration/simulation_outputs/Aiyedade/InsetChart.csv'
NoneType: None
2024-11-04 15:31:13,975.975 /projects/b1139/environments/emodpy-torch/lib/python3.9/site-packages/idmtools/core/platform_factory.py:253 _create_from_block [VERBOSE] (101632,47643445250560) - 
[SLURM_LOCAL]
2024-11-04 15:31:13,997.997 /projects/b1139/environments/emodpy-torch/lib/python3.9/site-packages/idmtools/core/platform_factory.py:254 _create_from_block [VERBOSE] (101632,47643445250560) - {
   "mode": "local",
   "job_directory": "/projects/b1139/ipti_pmc/environment_calibration/experiments"
}
2024-11-04 15:31:41,831.831 /projects/b1139/environments/emodpy-torch/lib/python3.9/site-packages/idmtools_platform_slurm/platform_operations/experiment_operations.py:142 platform_run_item [INFO] (101632,47643445250560) - job_directory: /projects/b1139/ipti_pmc/environment_calibration/experiments
2024-11-04 15:31:41,832.832 /projects/b1139/environments/emodpy-torch/lib/python3.9/site-packages/idmtools_platform_slurm/platform_operations/experiment_operations.py:143 platform_run_item [INFO] (101632,47643445250560) - suite: 45edd3c7-5e9f-45f1-9819-9f6a7c418136
2024-11-04 15:31:41,832.832 /projects/b1139/environments/emodpy-torch/lib/python3.9/site-packages/idmtools_platform_slurm/platform_operations/experiment_operations.py:144 platform_run_item [INFO] (101632,47643445250560) - experiment: 70a93221-8c36-4070-931b-7bf2b8f072aa
2024-11-04 15:31:41,856.856 /projects/b1139/environments/emodpy-torch/lib/python3.9/site-packages/idmtools_platform_slurm/platform_operations/experiment_operations.py:304 post_run_item [INFO] (101632,47643445250560) - Slurm Job Ids (1):
2024-11-04 15:31:41,857.857 /projects/b1139/environments/emodpy-torch/lib/python3.9/site-packages/idmtools_platform_slurm/platform_operations/experiment_operations.py:305 post_run_item [INFO] (101632,47643445250560) -    6018614
2024-11-04 15:31:41,857.857 /projects/b1139/environments/emodpy-torch/lib/python3.9/site-packages/idmtools_platform_slurm/platform_operations/experiment_operations.py:307 post_run_item [INFO] (101632,47643445250560) - 
You may try the following command to check simulations running status: 
  idmtools slurm /projects/b1139/ipti_pmc/environment_calibration/experiments status --exp-id 70a93221-8c36-4070-931b-7bf2b8f072aa
2024-11-04 15:36:48,201.201 /projects/b1139/environments/emodpy-torch/lib/python3.9/site-packages/idmtools/core/platform_factory.py:253 _create_from_block [VERBOSE] (56670,47877148430016) - 
[SLURM_LOCAL]
2024-11-04 15:36:48,242.242 /projects/b1139/environments/emodpy-torch/lib/python3.9/site-packages/idmtools/core/platform_factory.py:254 _create_from_block [VERBOSE] (56670,47877148430016) - {
   "mode": "local",
   "job_directory": "/projects/b1139/ipti_pmc/environment_calibration/experiments"
}
2024-11-04 15:37:02,630.630 /projects/b1139/environments/emodpy-torch/lib/python3.9/site-packages/idmtools/analysis/analyze_manager.py:295 _print_configuration [VERBOSE] (56670,47877148430016) - Analyze Manager
2024-11-04 15:37:02,630.630 /projects/b1139/environments/emodpy-torch/lib/python3.9/site-packages/idmtools/analysis/analyze_manager.py:296 _print_configuration [VERBOSE] (56670,47877148430016) -  | 10 item(s) selected for analysis
2024-11-04 15:37:02,631.631 /projects/b1139/environments/emodpy-torch/lib/python3.9/site-packages/idmtools/analysis/analyze_manager.py:297 _print_configuration [VERBOSE] (56670,47877148430016) -  | partial_analyze_ok is True, max_items is None, and 0 item(s) are being ignored
2024-11-04 15:37:02,631.631 /projects/b1139/environments/emodpy-torch/lib/python3.9/site-packages/idmtools/analysis/analyze_manager.py:299 _print_configuration [VERBOSE] (56670,47877148430016) -  | Analyzer(s): 
2024-11-04 15:37:02,631.631 /projects/b1139/environments/emodpy-torch/lib/python3.9/site-packages/idmtools/analysis/analyze_manager.py:301 _print_configuration [VERBOSE] (56670,47877148430016) -  |  - InsetChartAnalyzer File parsing: on / Use cache: off
2024-11-04 15:37:02,631.631 /projects/b1139/environments/emodpy-torch/lib/python3.9/site-packages/idmtools/analysis/analyze_manager.py:301 _print_configuration [VERBOSE] (56670,47877148430016) -  |  - MonthlyIncidenceAnalyzer File parsing: on / Use cache: off
2024-11-04 15:37:02,631.631 /projects/b1139/environments/emodpy-torch/lib/python3.9/site-packages/idmtools/analysis/analyze_manager.py:305 _print_configuration [VERBOSE] (56670,47877148430016) -  | Pool of 10 analyzing process(es)
2024-11-04 15:37:03,002.2 /projects/b1139/environments/emodpy-torch/lib/python3.9/site-packages/idmtools/analysis/analyze_manager.py:489 analyze [SUCCESS] (56670,47877148430016) -  | Analysis complete. Took 0 seconds (~ 0.037 per item)
2024-11-04 15:37:46,020.20 /projects/b1139/environments/emodpy-torch/lib/python3.9/site-packages/idmtools/core/exceptions.py:89 idmtools_error_handler [ERROR] (101632,47643445250560) - [Errno 2] No such file or directory: '/projects/b1139/ipti_pmc/environment_calibration/simulation_outputs/Aiyedade/InsetChart.csv'
NoneType: None
2024-11-05 13:22:55,260.260 /projects/b1139/environments/emodpy-torch/lib/python3.9/site-packages/idmtools/core/platform_factory.py:253 _create_from_block [VERBOSE] (92047,47375825345024) - 
[SLURM_LOCAL]
2024-11-05 13:22:55,274.274 /projects/b1139/environments/emodpy-torch/lib/python3.9/site-packages/idmtools/core/platform_factory.py:254 _create_from_block [VERBOSE] (92047,47375825345024) - {
   "mode": "local",
   "job_directory": "/projects/b1139/ipti_pmc/environment_calibration/experiments"
}
2024-11-05 13:23:24,917.917 /projects/b1139/environments/emodpy-torch/lib/python3.9/site-packages/idmtools_platform_slurm/platform_operations/experiment_operations.py:142 platform_run_item [INFO] (92047,47375825345024) - job_directory: /projects/b1139/ipti_pmc/environment_calibration/experiments
2024-11-05 13:23:24,918.918 /projects/b1139/environments/emodpy-torch/lib/python3.9/site-packages/idmtools_platform_slurm/platform_operations/experiment_operations.py:143 platform_run_item [INFO] (92047,47375825345024) - suite: 2265645c-3c0e-4ef1-8aae-6e46cf7317b5
2024-11-05 13:23:24,918.918 /projects/b1139/environments/emodpy-torch/lib/python3.9/site-packages/idmtools_platform_slurm/platform_operations/experiment_operations.py:144 platform_run_item [INFO] (92047,47375825345024) - experiment: 1b8c1dd4-703c-4ff1-a5c0-5464df75d740
2024-11-05 13:23:24,936.936 /projects/b1139/environments/emodpy-torch/lib/python3.9/site-packages/idmtools_platform_slurm/platform_operations/experiment_operations.py:304 post_run_item [INFO] (92047,47375825345024) - Slurm Job Ids (1):
2024-11-05 13:23:24,938.938 /projects/b1139/environments/emodpy-torch/lib/python3.9/site-packages/idmtools_platform_slurm/platform_operations/experiment_operations.py:305 post_run_item [INFO] (92047,47375825345024) -    6060525
2024-11-05 13:23:24,938.938 /projects/b1139/environments/emodpy-torch/lib/python3.9/site-packages/idmtools_platform_slurm/platform_operations/experiment_operations.py:307 post_run_item [INFO] (92047,47375825345024) - 
You may try the following command to check simulations running status: 
  idmtools slurm /projects/b1139/ipti_pmc/environment_calibration/experiments status --exp-id 1b8c1dd4-703c-4ff1-a5c0-5464df75d740
2024-11-05 13:25:07,368.368 /projects/b1139/environments/emodpy-torch/lib/python3.9/site-packages/idmtools/core/exceptions.py:89 idmtools_error_handler [ERROR] (92047,47375825345024) - 
NoneType: None
2024-11-05 13:26:43,407.407 /projects/b1139/environments/emodpy-torch/lib/python3.9/site-packages/idmtools/core/platform_factory.py:253 _create_from_block [VERBOSE] (54805,47747156347392) - 
[SLURM_LOCAL]
2024-11-05 13:26:43,449.449 /projects/b1139/environments/emodpy-torch/lib/python3.9/site-packages/idmtools/core/platform_factory.py:254 _create_from_block [VERBOSE] (54805,47747156347392) - {
   "mode": "local",
   "job_directory": "/projects/b1139/ipti_pmc/environment_calibration/experiments"
}
2024-11-05 13:27:05,799.799 /projects/b1139/environments/emodpy-torch/lib/python3.9/site-packages/idmtools_platform_slurm/platform_operations/experiment_operations.py:142 platform_run_item [INFO] (54805,47747156347392) - job_directory: /projects/b1139/ipti_pmc/environment_calibration/experiments
2024-11-05 13:27:05,799.799 /projects/b1139/environments/emodpy-torch/lib/python3.9/site-packages/idmtools_platform_slurm/platform_operations/experiment_operations.py:143 platform_run_item [INFO] (54805,47747156347392) - suite: e38993ad-af06-4beb-96d2-92998cf78fce
2024-11-05 13:27:05,799.799 /projects/b1139/environments/emodpy-torch/lib/python3.9/site-packages/idmtools_platform_slurm/platform_operations/experiment_operations.py:144 platform_run_item [INFO] (54805,47747156347392) - experiment: bc913819-1f03-458f-ba6e-ea14d0a51fb7
2024-11-05 13:27:05,825.825 /projects/b1139/environments/emodpy-torch/lib/python3.9/site-packages/idmtools_platform_slurm/platform_operations/experiment_operations.py:304 post_run_item [INFO] (54805,47747156347392) - Slurm Job Ids (1):
2024-11-05 13:27:05,825.825 /projects/b1139/environments/emodpy-torch/lib/python3.9/site-packages/idmtools_platform_slurm/platform_operations/experiment_operations.py:305 post_run_item [INFO] (54805,47747156347392) -    6060659
2024-11-05 13:27:05,825.825 /projects/b1139/environments/emodpy-torch/lib/python3.9/site-packages/idmtools_platform_slurm/platform_operations/experiment_operations.py:307 post_run_item [INFO] (54805,47747156347392) - 
You may try the following command to check simulations running status: 
  idmtools slurm /projects/b1139/ipti_pmc/environment_calibration/experiments status --exp-id bc913819-1f03-458f-ba6e-ea14d0a51fb7
2024-11-05 13:31:16,522.522 /projects/b1139/environments/emodpy-torch/lib/python3.9/site-packages/idmtools/core/platform_factory.py:253 _create_from_block [VERBOSE] (114658,47283963010752) - 
[SLURM_LOCAL]
2024-11-05 13:31:16,538.538 /projects/b1139/environments/emodpy-torch/lib/python3.9/site-packages/idmtools/core/platform_factory.py:254 _create_from_block [VERBOSE] (114658,47283963010752) - {
   "mode": "local",
   "job_directory": "/projects/b1139/ipti_pmc/environment_calibration/experiments"
}
2024-11-05 13:31:32,659.659 /projects/b1139/environments/emodpy-torch/lib/python3.9/site-packages/idmtools/analysis/analyze_manager.py:295 _print_configuration [VERBOSE] (114658,47283963010752) - Analyze Manager
2024-11-05 13:31:32,660.660 /projects/b1139/environments/emodpy-torch/lib/python3.9/site-packages/idmtools/analysis/analyze_manager.py:296 _print_configuration [VERBOSE] (114658,47283963010752) -  | 10 item(s) selected for analysis
2024-11-05 13:31:32,661.661 /projects/b1139/environments/emodpy-torch/lib/python3.9/site-packages/idmtools/analysis/analyze_manager.py:297 _print_configuration [VERBOSE] (114658,47283963010752) -  | partial_analyze_ok is True, max_items is None, and 0 item(s) are being ignored
2024-11-05 13:31:32,661.661 /projects/b1139/environments/emodpy-torch/lib/python3.9/site-packages/idmtools/analysis/analyze_manager.py:299 _print_configuration [VERBOSE] (114658,47283963010752) -  | Analyzer(s): 
2024-11-05 13:31:32,661.661 /projects/b1139/environments/emodpy-torch/lib/python3.9/site-packages/idmtools/analysis/analyze_manager.py:301 _print_configuration [VERBOSE] (114658,47283963010752) -  |  - InsetChartAnalyzer File parsing: on / Use cache: off
2024-11-05 13:31:32,662.662 /projects/b1139/environments/emodpy-torch/lib/python3.9/site-packages/idmtools/analysis/analyze_manager.py:301 _print_configuration [VERBOSE] (114658,47283963010752) -  |  - MonthlyIncidenceAnalyzer File parsing: on / Use cache: off
2024-11-05 13:31:32,662.662 /projects/b1139/environments/emodpy-torch/lib/python3.9/site-packages/idmtools/analysis/analyze_manager.py:305 _print_configuration [VERBOSE] (114658,47283963010752) -  | Pool of 10 analyzing process(es)
2024-11-05 13:31:33,110.110 /projects/b1139/environments/emodpy-torch/lib/python3.9/site-packages/idmtools/analysis/analyze_manager.py:489 analyze [SUCCESS] (114658,47283963010752) -  | Analysis complete. Took 0 seconds (~ 0.045 per item)
2024-11-05 13:33:07,289.289 /projects/b1139/environments/emodpy-torch/lib/python3.9/site-packages/idmtools/core/exceptions.py:89 idmtools_error_handler [ERROR] (54805,47747156347392) - [Errno 2] No such file or directory: '/projects/b1139/ipti_pmc/environment_calibration/simulation_outputs/Aiyedade/InsetChart.csv'
NoneType: None
2024-11-05 14:18:59,333.333 /projects/b1139/environments/emodpy-torch/lib/python3.9/site-packages/idmtools/core/platform_factory.py:253 _create_from_block [VERBOSE] (119317,47023248833024) - 
[SLURM_LOCAL]
2024-11-05 14:18:59,382.382 /projects/b1139/environments/emodpy-torch/lib/python3.9/site-packages/idmtools/core/platform_factory.py:254 _create_from_block [VERBOSE] (119317,47023248833024) - {
   "mode": "local",
   "job_directory": "/projects/b1139/ipti_pmc/environment_calibration/experiments"
}
2024-11-05 14:19:18,130.130 /projects/b1139/environments/emodpy-torch/lib/python3.9/site-packages/idmtools/core/exceptions.py:89 idmtools_error_handler [ERROR] (119317,47023248833024) - [Errno 2] No such file or directory: '/projects/b1139/ipti_pmc/environment_calibration/simulation_inputs/site_climate/Aiyedade'
NoneType: None
2024-11-08 07:34:21,490.490 /projects/b1139/environments/emodpy-torch/lib/python3.9/site-packages/idmtools/core/platform_factory.py:253 _create_from_block [VERBOSE] (138745,47984623618560) - 
[SLURM_LOCAL]
2024-11-08 07:34:21,517.517 /projects/b1139/environments/emodpy-torch/lib/python3.9/site-packages/idmtools/core/platform_factory.py:254 _create_from_block [VERBOSE] (138745,47984623618560) - {
   "mode": "local",
   "job_directory": "/projects/b1139/ipti_pmc/environment_calibration/experiments"
}
2024-11-08 07:34:36,572.572 /projects/b1139/environments/emodpy-torch/lib/python3.9/site-packages/idmtools/core/exceptions.py:89 idmtools_error_handler [ERROR] (138745,47984623618560) - [Errno 2] No such file or directory: '/projects/b1139/ipti_pmc/environment_calibration/simulation_inputs/cm/case_management-edited.csv'
NoneType: None
2024-11-08 14:25:53,907.907 /projects/b1139/environments/emodpy-torch/lib/python3.9/site-packages/idmtools/core/platform_factory.py:253 _create_from_block [VERBOSE] (174947,48005684767232) - 
[SLURM_LOCAL]
2024-11-08 14:25:53,928.928 /projects/b1139/environments/emodpy-torch/lib/python3.9/site-packages/idmtools/core/platform_factory.py:254 _create_from_block [VERBOSE] (174947,48005684767232) - {
   "mode": "local",
   "job_directory": "/projects/b1139/ipti_pmc/environment_calibration/experiments"
}
2024-11-08 14:26:09,771.771 /projects/b1139/environments/emodpy-torch/lib/python3.9/site-packages/idmtools/core/exceptions.py:89 idmtools_error_handler [ERROR] (174947,48005684767232) - [Errno 2] No such file or directory: '/projects/b1139/ipti_pmc/environment_calibration/simulation_inputs/cm/case_management-edited.csv'
NoneType: None
